src/telefono/DSIC_Alumnos/app/build/intermediates/manifest_merge_blame_file/debug/processDebugMainManifest/manifest-merger-blame-debug-report.txt
1<?xml version="1.0" encoding="utf-8"?>
2<manifest xmlns:android="http://schemas.android.com/apk/res/android"
3    package="com.example.dsic_alumnos"
4    android:versionCode="1"
5    android:versionName="1.0" >
6
7    <uses-sdk
8        android:minSdkVersion="24"
9        android:targetSdkVersion="34" />
10
11    <!-- Permisos generales -->
12    <uses-permission android:name="android.permission.BLUETOOTH" />
12-->src\main\AndroidManifest.xml:7:5-68
12-->src\main\AndroidManifest.xml:7:22-65
13    <uses-permission android:name="android.permission.BLUETOOTH_ADMIN" />
13-->src\main\AndroidManifest.xml:8:5-74
13-->src\main\AndroidManifest.xml:8:22-71
14    <uses-permission android:name="android.permission.ACCESS_FINE_LOCATION" />
14-->src\main\AndroidManifest.xml:9:5-10:45
14-->src\main\AndroidManifest.xml:9:22-76
15    <uses-permission android:name="android.permission.INTERNET" />
15-->src\main\AndroidManifest.xml:11:5-66
15-->src\main\AndroidManifest.xml:11:22-64
16    <uses-permission android:name="android.permission.INTERNET" />
16-->src\main\AndroidManifest.xml:11:5-66
16-->src\main\AndroidManifest.xml:11:22-64
17
18    <!-- Permisos Android 12+ -->
19    <uses-permission
19-->src\main\AndroidManifest.xml:17:5-119
20        android:name="android.permission.BLUETOOTH_SCAN"
20-->src\main\AndroidManifest.xml:17:22-70
21        android:usesPermissionFlags="neverForLocation" />
21-->src\main\AndroidManifest.xml:17:71-117
22    <uses-permission android:name="android.permission.BLUETOOTH_CONNECT" />
22-->src\main\AndroidManifest.xml:18:5-76
22-->src\main\AndroidManifest.xml:18:22-73
23
24    <!-- Indicar que usa BLE (opcional pero recomendable) -->
25    <uses-feature
25-->src\main\AndroidManifest.xml:21:5-89
26        android:name="android.hardware.bluetooth_le"
26-->src\main\AndroidManifest.xml:21:19-63
27        android:required="true" />
27-->src\main\AndroidManifest.xml:21:64-87
28
29    <application
29-->src\main\AndroidManifest.xml:23:5-39:19
30        android:allowBackup="true"
30-->src\main\AndroidManifest.xml:24:9-35
31        android:appComponentFactory="androidx.core.app.CoreComponentFactory"
31-->[androidx.core:core:1.8.0] AndroidManifest.xml:24:18-86
32        android:debuggable="true"
33        android:extractNativeLibs="false"
34        android:icon="@mipmap/ic_launcher"
34-->src\main\AndroidManifest.xml:25:9-43
35        android:label="@string/app_name"
35-->src\main\AndroidManifest.xml:26:9-41
36        android:roundIcon="@mipmap/ic_launcher_round"
36-->src\main\AndroidManifest.xml:27:9-54
37        android:supportsRtl="true"
37-->src\main\AndroidManifest.xml:28:9-35
38        android:testOnly="true"
39        android:theme="@style/Theme.DSIC_Alumnos" >
39-->src\main\AndroidManifest.xml:29:9-50
40        <activity
40-->src\main\AndroidManifest.xml:31:9-37:20
41            android:name="com.example.dsic_alumnos.MainActivity"
41-->src\main\AndroidManifest.xml:31:19-47
42            android:exported="true" >
42-->src\main\AndroidManifest.xml:32:13-36
43            <intent-filter>
43-->src\main\AndroidManifest.xml:33:13-36:29
44                <action android:name="android.intent.action.MAIN" />
44-->src\main\AndroidManifest.xml:34:17-69
44-->src\main\AndroidManifest.xml:34:25-66
45
46                <category android:name="android.intent.category.LAUNCHER" />
46-->src\main\AndroidManifest.xml:35:17-77
46-->src\main\AndroidManifest.xml:35:27-74
47            </intent-filter>
48        </activity>
49
50        <provider
50-->[androidx.emoji2:emoji2:1.2.0] AndroidManifest.xml:24:9-32:20
51            android:name="androidx.startup.InitializationProvider"
51-->[androidx.emoji2:emoji2:1.2.0] AndroidManifest.xml:25:13-67
52            android:authorities="com.example.dsic_alumnos.androidx-startup"
52-->[androidx.emoji2:emoji2:1.2.0] AndroidManifest.xml:26:13-68
53            android:exported="false" >
53-->[androidx.emoji2:emoji2:1.2.0] AndroidManifest.xml:27:13-37
54            <meta-data
54-->[androidx.emoji2:emoji2:1.2.0] AndroidManifest.xml:29:13-31:52
55                android:name="androidx.emoji2.text.EmojiCompatInitializer"
55-->[androidx.emoji2:emoji2:1.2.0] AndroidManifest.xml:30:17-75
56                android:value="androidx.startup" />
56-->[androidx.emoji2:emoji2:1.2.0] AndroidManifest.xml:31:17-49
57            <meta-data
57-->[androidx.lifecycle:lifecycle-process:2.4.1] AndroidManifest.xml:31:13-33:52
58                android:name="androidx.lifecycle.ProcessLifecycleInitializer"
58-->[androidx.lifecycle:lifecycle-process:2.4.1] AndroidManifest.xml:32:17-78
59                android:value="androidx.startup" />
59-->[androidx.lifecycle:lifecycle-process:2.4.1] AndroidManifest.xml:33:17-49
60        </provider>
61    </application>
62
63</manifest>